<?xml version="1.0" encoding="UTF-8"?>
<testsuite name="com.ddevuss.tennisScoreboard.DAO.PlayerDAOTest$FindByIdTest" tests="2" skipped="0" failures="0" errors="0" timestamp="2024-01-28T05:12:26" hostname="DDEVUSS" time="0.064">
  <properties/>
  <testcase name="will be false if player doesn't exist with this ID" classname="com.ddevuss.tennisScoreboard.DAO.PlayerDAOTest$FindByIdTest" time="0.029"/>
  <testcase name="will be true if player exists with this ID" classname="com.ddevuss.tennisScoreboard.DAO.PlayerDAOTest$FindByIdTest" time="0.034"/>
  <system-out><![CDATA[]]></system-out>
  <system-err><![CDATA[янв. 28, 2024 12:12:26 AM org.hibernate.cache.internal.RegionFactoryInitiator initiateService
INFO: HHH000026: Second-level cache disabled
янв. 28, 2024 12:12:26 AM org.hibernate.engine.jdbc.connections.internal.DriverManagerConnectionProviderImpl configure
WARN: HHH10001002: Using built-in connection pool (not intended for production use)
янв. 28, 2024 12:12:26 AM org.hibernate.engine.jdbc.connections.internal.DriverManagerConnectionProviderImpl buildCreator
INFO: HHH10001005: Loaded JDBC driver class: org.h2.Driver
янв. 28, 2024 12:12:26 AM org.hibernate.engine.jdbc.connections.internal.DriverManagerConnectionProviderImpl buildCreator
INFO: HHH10001012: Connecting with JDBC URL [jdbc:h2:mem:TennisMatches]
янв. 28, 2024 12:12:26 AM org.hibernate.engine.jdbc.connections.internal.DriverManagerConnectionProviderImpl buildCreator
INFO: HHH10001001: Connection properties: {}
янв. 28, 2024 12:12:26 AM org.hibernate.engine.jdbc.connections.internal.DriverManagerConnectionProviderImpl buildCreator
INFO: HHH10001003: Autocommit mode: false
янв. 28, 2024 12:12:26 AM org.hibernate.engine.jdbc.connections.internal.DriverManagerConnectionProviderImpl$PooledConnections <init>
INFO: HHH10001115: Connection pool size: 20 (min=1)
янв. 28, 2024 12:12:26 AM org.hibernate.engine.jdbc.dialect.internal.DialectFactoryImpl constructDialect
WARN: HHH90000025: H2Dialect does not need to be specified explicitly using 'hibernate.dialect' (remove the property setting and it will be selected by default)
янв. 28, 2024 12:12:26 AM org.hibernate.engine.transaction.jta.platform.internal.JtaPlatformInitiator initiateService
INFO: HHH000489: No JTA platform available (set 'hibernate.transaction.jta.platform' to enable JTA platform integration)
янв. 28, 2024 12:12:26 AM org.hibernate.cache.internal.RegionFactoryInitiator initiateService
INFO: HHH000026: Second-level cache disabled
янв. 28, 2024 12:12:26 AM org.hibernate.engine.jdbc.connections.internal.DriverManagerConnectionProviderImpl configure
WARN: HHH10001002: Using built-in connection pool (not intended for production use)
янв. 28, 2024 12:12:26 AM org.hibernate.engine.jdbc.connections.internal.DriverManagerConnectionProviderImpl buildCreator
INFO: HHH10001005: Loaded JDBC driver class: org.h2.Driver
янв. 28, 2024 12:12:26 AM org.hibernate.engine.jdbc.connections.internal.DriverManagerConnectionProviderImpl buildCreator
INFO: HHH10001012: Connecting with JDBC URL [jdbc:h2:mem:TennisMatches]
янв. 28, 2024 12:12:26 AM org.hibernate.engine.jdbc.connections.internal.DriverManagerConnectionProviderImpl buildCreator
INFO: HHH10001001: Connection properties: {}
янв. 28, 2024 12:12:26 AM org.hibernate.engine.jdbc.connections.internal.DriverManagerConnectionProviderImpl buildCreator
INFO: HHH10001003: Autocommit mode: false
янв. 28, 2024 12:12:26 AM org.hibernate.engine.jdbc.connections.internal.DriverManagerConnectionProviderImpl$PooledConnections <init>
INFO: HHH10001115: Connection pool size: 20 (min=1)
янв. 28, 2024 12:12:26 AM org.hibernate.engine.jdbc.dialect.internal.DialectFactoryImpl constructDialect
WARN: HHH90000025: H2Dialect does not need to be specified explicitly using 'hibernate.dialect' (remove the property setting and it will be selected by default)
янв. 28, 2024 12:12:26 AM org.hibernate.engine.transaction.jta.platform.internal.JtaPlatformInitiator initiateService
INFO: HHH000489: No JTA platform available (set 'hibernate.transaction.jta.platform' to enable JTA platform integration)
]]></system-err>
</testsuite>
